-------------------------------------------------------------------------------
>Log Session: Wednesday, May 5, 2021 4:41:13 PM CEST
>System Info: 
  Product Version         = Apache NetBeans Platform Dev (Build 11.2-d04fb24027334c4b6fd8397b5d0cdd33187a8f54)
  Operating System        = Linux version 5.8.0-50-generic running on amd64
  Java; VM; Vendor        = 1.8.0_292; OpenJDK 64-Bit Server VM 25.292-b10; Private Build
  Runtime                 = OpenJDK Runtime Environment 1.8.0_292-8u292-b10-0ubuntu1~20.04-b10
  Java Home               = /usr/lib/jvm/java-8-openjdk-amd64/jre
  System Locale; Encoding = da_DK (asteroidsnetbeansmodules); UTF-8
  Home Directory          = /home/matti
  Current Directory       = /home/matti/Software/4. semester/Komponentbaseret/src - Mathias Rasmussen - Portfolio1/AsteroidsNetbeansModules/application
  User Directory          = /home/matti/Software/4. semester/Komponentbaseret/src - Mathias Rasmussen - Portfolio1/AsteroidsNetbeansModules/application/target/userdir
  Cache Directory         = /home/matti/Software/4. semester/Komponentbaseret/src - Mathias Rasmussen - Portfolio1/AsteroidsNetbeansModules/application/target/userdir/var/cache
  Installation            = /home/matti/Software/4. semester/Komponentbaseret/src - Mathias Rasmussen - Portfolio1/AsteroidsNetbeansModules/application/target/asteroidsnetbeansmodules/etc
                            /home/matti/Software/4. semester/Komponentbaseret/src - Mathias Rasmussen - Portfolio1/AsteroidsNetbeansModules/application/target/asteroidsnetbeansmodules/platform
                            /home/matti/Software/4. semester/Komponentbaseret/src - Mathias Rasmussen - Portfolio1/AsteroidsNetbeansModules/application/target/asteroidsnetbeansmodules/extra
                            /home/matti/Software/4. semester/Komponentbaseret/src - Mathias Rasmussen - Portfolio1/AsteroidsNetbeansModules/application/target/asteroidsnetbeansmodules/bin
                            /home/matti/Software/4. semester/Komponentbaseret/src - Mathias Rasmussen - Portfolio1/AsteroidsNetbeansModules/application/target/asteroidsnetbeansmodules/java
                            /home/matti/Software/4. semester/Komponentbaseret/src - Mathias Rasmussen - Portfolio1/AsteroidsNetbeansModules/application/target/asteroidsnetbeansmodules/platform
  Boot & Ext. Classpath   = /usr/lib/jvm/java-8-openjdk-amd64/jre/lib/resources.jar:/usr/lib/jvm/java-8-openjdk-amd64/jre/lib/rt.jar:/usr/lib/jvm/java-8-openjdk-amd64/jre/lib/sunrsasign.jar:/usr/lib/jvm/java-8-openjdk-amd64/jre/lib/jsse.jar:/usr/lib/jvm/java-8-openjdk-amd64/jre/lib/jce.jar:/usr/lib/jvm/java-8-openjdk-amd64/jre/lib/charsets.jar:/usr/lib/jvm/java-8-openjdk-amd64/jre/lib/jfr.jar:/usr/lib/jvm/java-8-openjdk-amd64/jre/classes:/usr/lib/jvm/java-8-openjdk-amd64/jre/lib/ext/zipfs.jar:/usr/lib/jvm/java-8-openjdk-amd64/jre/lib/ext/jaccess.jar:/usr/lib/jvm/java-8-openjdk-amd64/jre/lib/ext/cldrdata.jar:/usr/lib/jvm/java-8-openjdk-amd64/jre/lib/ext/icedtea-sound.jar:/usr/lib/jvm/java-8-openjdk-amd64/jre/lib/ext/localedata.jar:/usr/lib/jvm/java-8-openjdk-amd64/jre/lib/ext/sunjce_provider.jar:/usr/lib/jvm/java-8-openjdk-amd64/jre/lib/ext/nashorn.jar:/usr/lib/jvm/java-8-openjdk-amd64/jre/lib/ext/java-atk-wrapper.jar:/usr/lib/jvm/java-8-openjdk-amd64/jre/lib/ext/sunec.jar:/usr/lib/jvm/java-8-openjdk-amd64/jre/lib/ext/dnsns.jar:/usr/lib/jvm/java-8-openjdk-amd64/jre/lib/ext/sunpkcs11.jar
  Application Classpath   = /home/matti/Software/4. semester/Komponentbaseret/src - Mathias Rasmussen - Portfolio1/AsteroidsNetbeansModules/application/target/asteroidsnetbeansmodules/platform/lib/boot.jar:/home/matti/Software/4. semester/Komponentbaseret/src - Mathias Rasmussen - Portfolio1/AsteroidsNetbeansModules/application/target/asteroidsnetbeansmodules/platform/lib/org-openide-modules.jar:/home/matti/Software/4. semester/Komponentbaseret/src - Mathias Rasmussen - Portfolio1/AsteroidsNetbeansModules/application/target/asteroidsnetbeansmodules/platform/lib/org-openide-util.jar:/home/matti/Software/4. semester/Komponentbaseret/src - Mathias Rasmussen - Portfolio1/AsteroidsNetbeansModules/application/target/asteroidsnetbeansmodules/platform/lib/org-openide-util-lookup.jar:/home/matti/Software/4. semester/Komponentbaseret/src - Mathias Rasmussen - Portfolio1/AsteroidsNetbeansModules/application/target/asteroidsnetbeansmodules/platform/lib/org-openide-util-ui.jar:/usr/lib/jvm/java-8-openjdk-amd64/lib/dt.jar:/usr/lib/jvm/java-8-openjdk-amd64/lib/tools.jar
  Startup Classpath       = /home/matti/Software/4. semester/Komponentbaseret/src - Mathias Rasmussen - Portfolio1/AsteroidsNetbeansModules/application/target/asteroidsnetbeansmodules/platform/core/org-netbeans-libs-asm.jar:/home/matti/Software/4. semester/Komponentbaseret/src - Mathias Rasmussen - Portfolio1/AsteroidsNetbeansModules/application/target/asteroidsnetbeansmodules/platform/core/core-base.jar:/home/matti/Software/4. semester/Komponentbaseret/src - Mathias Rasmussen - Portfolio1/AsteroidsNetbeansModules/application/target/asteroidsnetbeansmodules/platform/core/core.jar:/home/matti/Software/4. semester/Komponentbaseret/src - Mathias Rasmussen - Portfolio1/AsteroidsNetbeansModules/application/target/asteroidsnetbeansmodules/platform/core/org-openide-filesystems-compat8.jar:/home/matti/Software/4. semester/Komponentbaseret/src - Mathias Rasmussen - Portfolio1/AsteroidsNetbeansModules/application/target/asteroidsnetbeansmodules/platform/core/org-openide-filesystems.jar:/home/matti/Software/4. semester/Komponentbaseret/src - Mathias Rasmussen - Portfolio1/AsteroidsNetbeansModules/application/target/asteroidsnetbeansmodules/platform/core/asm-all-5.0.1.jar
-------------------------------------------------------------------------------
WARNING [org.netbeans.modules.autoupdate.ui.actions.AutoupdateSettings]: The property "netbeans.default_userdir_root" was not set!
WARNING [null]: Last record repeated again.
INFO [org.netbeans.core.startup.NbEvents]: Turning on modules:
	org.openide.util.lookup [8.39 11.2-d04fb24027334c4b6fd8397b5d0cdd33187a8f54]
	org.openide.util [9.13 11.2-d04fb24027334c4b6fd8397b5d0cdd33187a8f54]
	org.openide.util.ui [9.14 11.2-d04fb24027334c4b6fd8397b5d0cdd33187a8f54]
	org.openide.modules [7.54 11.2-d04fb24027334c4b6fd8397b5d0cdd33187a8f54]
	org.netbeans.api.annotations.common/1 [1.33 11.2-d04fb24027334c4b6fd8397b5d0cdd33187a8f54]
	org.openide.filesystems [9.16 11.2-d04fb24027334c4b6fd8397b5d0cdd33187a8f54]
	org.openide.awt [7.74 11.2-d04fb24027334c4b6fd8397b5d0cdd33187a8f54]
	org.netbeans.api.progress/1 [1.53 11.2-d04fb24027334c4b6fd8397b5d0cdd33187a8f54]
	org.netbeans.api.progress.nb [1.53 11.2-d04fb24027334c4b6fd8397b5d0cdd33187a8f54]
	org.openide.dialogs [7.48 11.2-d04fb24027334c4b6fd8397b5d0cdd33187a8f54]
	org.openide.nodes [7.51 11.2-d04fb24027334c4b6fd8397b5d0cdd33187a8f54]
	org.openide.windows [6.83 11.2-d04fb24027334c4b6fd8397b5d0cdd33187a8f54]
	org.netbeans.modules.editor.mimelookup/1 [1.46 11.2-d04fb24027334c4b6fd8397b5d0cdd33187a8f54]
	org.openide.text [6.73 11.2-d04fb24027334c4b6fd8397b5d0cdd33187a8f54]
	org.netbeans.api.scripting [1.3 11.2-d04fb24027334c4b6fd8397b5d0cdd33187a8f54]
	org.netbeans.swing.tabcontrol [1.62 11.2-d04fb24027334c4b6fd8397b5d0cdd33187a8f54]
	org.netbeans.swing.outline [1.40 11.2-d04fb24027334c4b6fd8397b5d0cdd33187a8f54]
	org.openide.explorer [6.68 11.2-d04fb24027334c4b6fd8397b5d0cdd33187a8f54]
	org.openide.actions [6.45 11.2-d04fb24027334c4b6fd8397b5d0cdd33187a8f54]
	org.netbeans.modules.queries/1 [1.49 11.2-d04fb24027334c4b6fd8397b5d0cdd33187a8f54]
	org.netbeans.api.templates [1.14 11.2-d04fb24027334c4b6fd8397b5d0cdd33187a8f54]
	org.openide.filesystems.nb [9.16 11.2-d04fb24027334c4b6fd8397b5d0cdd33187a8f54]
	org.openide.loaders [7.73 11.2-d04fb24027334c4b6fd8397b5d0cdd33187a8f54]
	org.netbeans.api.intent [1.8 11.2-d04fb24027334c4b6fd8397b5d0cdd33187a8f54]
	org.netbeans.api.io [1.9 11.2-d04fb24027334c4b6fd8397b5d0cdd33187a8f54]
	org.openide.io [1.55 11.2-d04fb24027334c4b6fd8397b5d0cdd33187a8f54]
	org.openide.filesystems.compat8 [9.15 11.2-d04fb24027334c4b6fd8397b5d0cdd33187a8f54]
	org.netbeans.swing.plaf [1.47 11.2-d04fb24027334c4b6fd8397b5d0cdd33187a8f54]
	org.netbeans.spi.quicksearch [1.33 11.2-d04fb24027334c4b6fd8397b5d0cdd33187a8f54]
	org.netbeans.modules.templates/1 [1.13 11.2-d04fb24027334c4b6fd8397b5d0cdd33187a8f54]
	org.netbeans.libs.asm [5.9 11.2-d04fb24027334c4b6fd8397b5d0cdd33187a8f54]
	org.netbeans.bootstrap/1 [2.84 11.2-d04fb24027334c4b6fd8397b5d0cdd33187a8f54]
	org.netbeans.core.startup.base [1.68.0.1 1 11.2-d04fb24027334c4b6fd8397b5d0cdd33187a8f54]
	org.netbeans.core.startup/1 [1.68.0.1 11.2-d04fb24027334c4b6fd8397b5d0cdd33187a8f54]
	org.netbeans.modules.settings/1 [1.55 11.2-d04fb24027334c4b6fd8397b5d0cdd33187a8f54]
	org.netbeans.modules.sendopts/2 [2.42 11.2-d04fb24027334c4b6fd8397b5d0cdd33187a8f54]
	org.netbeans.modules.sampler [1.20 11.2-d04fb24027334c4b6fd8397b5d0cdd33187a8f54]
	org.netbeans.modules.progress.ui [1.39 11.2-d04fb24027334c4b6fd8397b5d0cdd33187a8f54]
	org.netbeans.modules.print [7.32 11.2-d04fb24027334c4b6fd8397b5d0cdd33187a8f54]
	org.netbeans.modules.keyring [1.30 11.2-d04fb24027334c4b6fd8397b5d0cdd33187a8f54]
	org.netbeans.core/2 [3.57 11.2-d04fb24027334c4b6fd8397b5d0cdd33187a8f54]
	org.netbeans.modules.options.api/1 [1.51 11.2-d04fb24027334c4b6fd8397b5d0cdd33187a8f54]
	org.netbeans.modules.options.keymap [1.43 11.2-d04fb24027334c4b6fd8397b5d0cdd33187a8f54]
	org.netbeans.modules.masterfs/2 [2.61.0.2 2 11.2-d04fb24027334c4b6fd8397b5d0cdd33187a8f54]
	org.netbeans.modules.masterfs.ui [2.9.0.2 11.2-d04fb24027334c4b6fd8397b5d0cdd33187a8f54]
	org.netbeans.modules.masterfs.nio2 [1.21 11.2-d04fb24027334c4b6fd8397b5d0cdd33187a8f54]
	org.netbeans.libs.jna/2 [2.1 11.2-d04fb24027334c4b6fd8397b5d0cdd33187a8f54]
	org.netbeans.modules.masterfs.linux [1.19 11.2-d04fb24027334c4b6fd8397b5d0cdd33187a8f54]
	org.netbeans.modules.keyring.fallback [1.14 11.2-d04fb24027334c4b6fd8397b5d0cdd33187a8f54]
	org.netbeans.modules.keyring.impl [1.30 11.2-d04fb24027334c4b6fd8397b5d0cdd33187a8f54]
	org.netbeans.modules.favorites/1 [1.52 11.2-d04fb24027334c4b6fd8397b5d0cdd33187a8f54]
	org.netbeans.modules.editor.mimelookup.impl/1 [1.38 11.2-d04fb24027334c4b6fd8397b5d0cdd33187a8f54]
	org.netbeans.modules.autoupdate.services [1.59 11.2-d04fb24027334c4b6fd8397b5d0cdd33187a8f54]
	org.netbeans.modules.autoupdate.cli [1.19 11.2-d04fb24027334c4b6fd8397b5d0cdd33187a8f54]
	org.netbeans.core.windows/2 [2.89 11.2-d04fb24027334c4b6fd8397b5d0cdd33187a8f54]
	org.netbeans.core.ui/1 [1.51 11.2-d04fb24027334c4b6fd8397b5d0cdd33187a8f54]
	org.netbeans.libs.osgi [1.28 11.2-d04fb24027334c4b6fd8397b5d0cdd33187a8f54]
	org.netbeans.libs.felix [2.21 11.2-d04fb24027334c4b6fd8397b5d0cdd33187a8f54]
	org.netbeans.modules.autoupdate.ui [1.51 11.2-d04fb24027334c4b6fd8397b5d0cdd33187a8f54]
	org.netbeans.modules.core.kit [1.36 11.2-d04fb24027334c4b6fd8397b5d0cdd33187a8f54]
	org.netbeans.libs.jna.platform/2 [2.1 11.2-d04fb24027334c4b6fd8397b5d0cdd33187a8f54]
	org.netbeans.core.output2/1 [1.48 11.2-d04fb24027334c4b6fd8397b5d0cdd33187a8f54]
	org.netbeans.core.network [1.18 11.2-d04fb24027334c4b6fd8397b5d0cdd33187a8f54]
	org.netbeans.core.netigso [1.37 11.2-d04fb24027334c4b6fd8397b5d0cdd33187a8f54]
	org.netbeans.core.nativeaccess/1 [1.37 11.2-d04fb24027334c4b6fd8397b5d0cdd33187a8f54]
	org.netbeans.core.multitabs/1 [1.18.0.1 1 11.2-d04fb24027334c4b6fd8397b5d0cdd33187a8f54]
	org.netbeans.core.io.ui/1 [1.36 11.2-d04fb24027334c4b6fd8397b5d0cdd33187a8f54]
	org.netbeans.api.progress.compat8 [1.53 11.2-d04fb24027334c4b6fd8397b5d0cdd33187a8f54]
INFO [org.netbeans.core.network.proxy.NetworkProxyReloader]: System network proxy resolver: Gnome
INFO [org.netbeans.core.network.proxy.gnome.GsettingsNetworkProxy]: GSettings system proxy resolver: direct connection
INFO [org.netbeans.core.network.proxy.NetworkProxyReloader]: System network proxy reloading succeeded.
INFO [org.netbeans.core.network.proxy.NetworkProxyReloader]: System network proxy - mode: direct
INFO [org.netbeans.core.network.proxy.NetworkProxyReloader]: System network proxy: fell to default (correct if direct mode went before)
INFO [org.netbeans.ui.metrics.laf]: USG_LOOK_AND_FEEL
Exception "java.lang.ClassNotFoundException: com/intellij/codeInsight/editorActions/FoldingData"while constructing DataFlavor for: application/x-java-jvm-local-objectref; class=com.intellij.codeInsight.editorActions.FoldingData
INFO [null]: Last record repeated again.
Exception "java.lang.ClassNotFoundException: com/intellij/codeInsight/editorActions/ReferenceData"while constructing DataFlavor for: application/x-java-jvm-local-objectref; class=com.intellij.codeInsight.editorActions.ReferenceData
INFO [null]: Last record repeated again.
Diagnostic information
Input arguments:
	-Djdk.home=/usr/lib/jvm/java-8-openjdk-amd64
	-Dnetbeans.running.environment=gnome
	-Dnetbeans.dirs=/home/matti/Software/4. semester/Komponentbaseret/src - Mathias Rasmussen - Portfolio1/AsteroidsNetbeansModules/application/target/asteroidsnetbeansmodules/etc:/home/matti/Software/4. semester/Komponentbaseret/src - Mathias Rasmussen - Portfolio1/AsteroidsNetbeansModules/application/target/asteroidsnetbeansmodules/platform:/home/matti/Software/4. semester/Komponentbaseret/src - Mathias Rasmussen - Portfolio1/AsteroidsNetbeansModules/application/target/asteroidsnetbeansmodules/extra:/home/matti/Software/4. semester/Komponentbaseret/src - Mathias Rasmussen - Portfolio1/AsteroidsNetbeansModules/application/target/asteroidsnetbeansmodules/bin:/home/matti/Software/4. semester/Komponentbaseret/src - Mathias Rasmussen - Portfolio1/AsteroidsNetbeansModules/application/target/asteroidsnetbeansmodules/java:
	-Dnetbeans.home=/home/matti/Software/4. semester/Komponentbaseret/src - Mathias Rasmussen - Portfolio1/AsteroidsNetbeansModules/application/target/asteroidsnetbeansmodules/platform
	-Dnetbeans.logger.console=true
	-ea
	-XX:+HeapDumpOnOutOfMemoryError
	-XX:HeapDumpPath=/home/matti/Software/4. semester/Komponentbaseret/src - Mathias Rasmussen - Portfolio1/AsteroidsNetbeansModules/application/target/userdir/var/log/heapdump.hprof
Compiler: HotSpot 64-Bit Tiered Compilers
Heap memory usage: initial 124,0MB maximum 1762,0MB
Non heap memory usage: initial 2,4MB maximum -1b
Garbage collector: PS Scavenge (Collections=5 Total time spent=0s)
Garbage collector: PS MarkSweep (Collections=1 Total time spent=0s)
Classes: loaded=4649 total loaded=4649 unloaded 0
INFO [org.netbeans.core.ui.warmup.DiagnosticTask]: Total memory 8.309.141.504
INFO [null]: Total physical memory 8.309.141.504
