-------------------------------------------------------------------------------
>Log Session: Sunday, May 9, 2021 6:39:32 PM CEST
>System Info: 
  Product Version         = Apache NetBeans Platform Dev (Build 11.2-d04fb24027334c4b6fd8397b5d0cdd33187a8f54)
  Operating System        = Linux version 5.8.0-50-generic running on amd64
  Java; VM; Vendor        = 1.8.0_292; OpenJDK 64-Bit Server VM 25.292-b10; Private Build
  Runtime                 = OpenJDK Runtime Environment 1.8.0_292-8u292-b10-0ubuntu1~20.04-b10
  Java Home               = /usr/lib/jvm/java-8-openjdk-amd64/jre
  System Locale; Encoding = da_DK (asteroidsnetbeansmodules); UTF-8
  Home Directory          = /home/matti
  Current Directory       = /home/matti/Software/4. semester/Komponentbaseret/CBSE- Portfolio/AsteroidsNetbeansModules1/application
  User Directory          = /home/matti/Software/4. semester/Komponentbaseret/CBSE- Portfolio/AsteroidsNetbeansModules1/application/target/userdir
  Cache Directory         = /home/matti/Software/4. semester/Komponentbaseret/CBSE- Portfolio/AsteroidsNetbeansModules1/application/target/userdir/var/cache
  Installation            = /home/matti/Software/4. semester/Komponentbaseret/CBSE- Portfolio/AsteroidsNetbeansModules1/application/target/asteroidsnetbeansmodules/etc
                            /home/matti/Software/4. semester/Komponentbaseret/CBSE- Portfolio/AsteroidsNetbeansModules1/application/target/asteroidsnetbeansmodules/asteroidsnetbeansmodules
                            /home/matti/Software/4. semester/Komponentbaseret/CBSE- Portfolio/AsteroidsNetbeansModules1/application/target/asteroidsnetbeansmodules/platform
                            /home/matti/Software/4. semester/Komponentbaseret/CBSE- Portfolio/AsteroidsNetbeansModules1/application/target/asteroidsnetbeansmodules/bin
                            /home/matti/Software/4. semester/Komponentbaseret/CBSE- Portfolio/AsteroidsNetbeansModules1/application/target/asteroidsnetbeansmodules/platform
  Boot & Ext. Classpath   = /usr/lib/jvm/java-8-openjdk-amd64/jre/lib/resources.jar:/usr/lib/jvm/java-8-openjdk-amd64/jre/lib/rt.jar:/usr/lib/jvm/java-8-openjdk-amd64/jre/lib/sunrsasign.jar:/usr/lib/jvm/java-8-openjdk-amd64/jre/lib/jsse.jar:/usr/lib/jvm/java-8-openjdk-amd64/jre/lib/jce.jar:/usr/lib/jvm/java-8-openjdk-amd64/jre/lib/charsets.jar:/usr/lib/jvm/java-8-openjdk-amd64/jre/lib/jfr.jar:/usr/lib/jvm/java-8-openjdk-amd64/jre/classes:/usr/lib/jvm/java-8-openjdk-amd64/jre/lib/ext/zipfs.jar:/usr/lib/jvm/java-8-openjdk-amd64/jre/lib/ext/jaccess.jar:/usr/lib/jvm/java-8-openjdk-amd64/jre/lib/ext/cldrdata.jar:/usr/lib/jvm/java-8-openjdk-amd64/jre/lib/ext/icedtea-sound.jar:/usr/lib/jvm/java-8-openjdk-amd64/jre/lib/ext/localedata.jar:/usr/lib/jvm/java-8-openjdk-amd64/jre/lib/ext/sunjce_provider.jar:/usr/lib/jvm/java-8-openjdk-amd64/jre/lib/ext/nashorn.jar:/usr/lib/jvm/java-8-openjdk-amd64/jre/lib/ext/java-atk-wrapper.jar:/usr/lib/jvm/java-8-openjdk-amd64/jre/lib/ext/sunec.jar:/usr/lib/jvm/java-8-openjdk-amd64/jre/lib/ext/dnsns.jar:/usr/lib/jvm/java-8-openjdk-amd64/jre/lib/ext/sunpkcs11.jar
  Application Classpath   = /home/matti/Software/4. semester/Komponentbaseret/CBSE- Portfolio/AsteroidsNetbeansModules1/application/target/asteroidsnetbeansmodules/platform/lib/boot.jar:/home/matti/Software/4. semester/Komponentbaseret/CBSE- Portfolio/AsteroidsNetbeansModules1/application/target/asteroidsnetbeansmodules/platform/lib/org-openide-modules.jar:/home/matti/Software/4. semester/Komponentbaseret/CBSE- Portfolio/AsteroidsNetbeansModules1/application/target/asteroidsnetbeansmodules/platform/lib/org-openide-util.jar:/home/matti/Software/4. semester/Komponentbaseret/CBSE- Portfolio/AsteroidsNetbeansModules1/application/target/asteroidsnetbeansmodules/platform/lib/org-openide-util-lookup.jar:/home/matti/Software/4. semester/Komponentbaseret/CBSE- Portfolio/AsteroidsNetbeansModules1/application/target/asteroidsnetbeansmodules/platform/lib/org-openide-util-ui.jar:/usr/lib/jvm/java-8-openjdk-amd64/lib/dt.jar:/usr/lib/jvm/java-8-openjdk-amd64/lib/tools.jar
  Startup Classpath       = /home/matti/Software/4. semester/Komponentbaseret/CBSE- Portfolio/AsteroidsNetbeansModules1/application/target/asteroidsnetbeansmodules/platform/core/org-netbeans-libs-asm.jar:/home/matti/Software/4. semester/Komponentbaseret/CBSE- Portfolio/AsteroidsNetbeansModules1/application/target/asteroidsnetbeansmodules/platform/core/core-base.jar:/home/matti/Software/4. semester/Komponentbaseret/CBSE- Portfolio/AsteroidsNetbeansModules1/application/target/asteroidsnetbeansmodules/platform/core/core.jar:/home/matti/Software/4. semester/Komponentbaseret/CBSE- Portfolio/AsteroidsNetbeansModules1/application/target/asteroidsnetbeansmodules/platform/core/org-openide-filesystems.jar:/home/matti/Software/4. semester/Komponentbaseret/CBSE- Portfolio/AsteroidsNetbeansModules1/application/target/asteroidsnetbeansmodules/platform/core/asm-all-5.0.1.jar
-------------------------------------------------------------------------------
INFO [org.netbeans.modules.netbinox]: Install area set to file:/home/matti/Software/4. semester/Komponentbaseret/CBSE- Portfolio/AsteroidsNetbeansModules1/application/target/asteroidsnetbeansmodules/
INFO [org.netbeans.core.startup.NbEvents]: Turning on modules:
	org.openide.util.lookup [8.39 11.2-d04fb24027334c4b6fd8397b5d0cdd33187a8f54]
	org.openide.util [9.13 11.2-d04fb24027334c4b6fd8397b5d0cdd33187a8f54]
	org.openide.util.ui [9.14 11.2-d04fb24027334c4b6fd8397b5d0cdd33187a8f54]
	org.openide.modules [7.54 11.2-d04fb24027334c4b6fd8397b5d0cdd33187a8f54]
	org.netbeans.api.annotations.common/1 [1.33 11.2-d04fb24027334c4b6fd8397b5d0cdd33187a8f54]
	org.openide.filesystems [9.16 11.2-d04fb24027334c4b6fd8397b5d0cdd33187a8f54]
	org.netbeans.api.intent [1.8 11.2-d04fb24027334c4b6fd8397b5d0cdd33187a8f54]
	org.netbeans.api.io [1.9 11.2-d04fb24027334c4b6fd8397b5d0cdd33187a8f54]
	org.openide.io [1.55 11.2-d04fb24027334c4b6fd8397b5d0cdd33187a8f54]
	org.openide.awt [7.74 11.2-d04fb24027334c4b6fd8397b5d0cdd33187a8f54]
	org.netbeans.libs.asm [5.9 11.2-d04fb24027334c4b6fd8397b5d0cdd33187a8f54]
	org.netbeans.bootstrap/1 [2.84 11.2-d04fb24027334c4b6fd8397b5d0cdd33187a8f54]
	org.netbeans.core.startup.base [1.68.0.1 1 11.2-d04fb24027334c4b6fd8397b5d0cdd33187a8f54]
	org.netbeans.core.startup/1 [1.68.0.1 11.2-d04fb24027334c4b6fd8397b5d0cdd33187a8f54]
	org.netbeans.libs.osgi [1.28 11.2-d04fb24027334c4b6fd8397b5d0cdd33187a8f54]
	org.netbeans.core.netigso [1.37 11.2-d04fb24027334c4b6fd8397b5d0cdd33187a8f54]
	org.netbeans.modules.netbinox [1.47 11.2-d04fb24027334c4b6fd8397b5d0cdd33187a8f54]
	org.netbeans.api.progress/1 [1.53 11.2-d04fb24027334c4b6fd8397b5d0cdd33187a8f54]
	org.netbeans.api.progress.nb [1.53 11.2-d04fb24027334c4b6fd8397b5d0cdd33187a8f54]
	org.netbeans.modules.autoupdate.services [1.59 11.2-d04fb24027334c4b6fd8397b5d0cdd33187a8f54]
	org.mockito.mockito_all [1.9.5 1.9.5]
	dk.sdu.mmmi.cbse.SilentUpdate [1.0 1.0-20210509 202105091209]
	dk.sdu.mmmi.cbse.Common [1.0 1.0-20210509 202105091154]
	dk.sdu.mmmi.cbse.CommonBullet [1.0 1.0-20210509 202105091154]
	dk.sdu.mmmi.cbse.Player [1.0 1.0-20210509 202105091154]
	dk.sdu.mmmi.cbse.CommonEnemy [1.0 1.0-20210509 202105091154]
	dk.sdu.mmmi.cbse.Enemy [1.0 1.0-20210509 202105091154]
	dk.sdu.mmmi.cbse.Core [1.0 1.0-20210509 202105091154]
	dk.sdu.mmmi.cbse.CommonAsteroids [1.0 1.0-20210509 202105091154]
	dk.sdu.mmmi.cbse.Collision [1.0 1.0-20210509 202105091154]
	dk.sdu.mmmi.cbse.Bullet [1.0 1.0-20210509 202105091154]
	dk.sdu.mmmi.cbse.BigAsteroid [1.0 1.0-20210407 202104070126]
	dk.sdu.mmmi.cbse.Asteroid [1.0 1.0-20210509 202105091154]
INFO [org.netbeans.core.netigso.Netigso]: bundle org.mockito.mockito-all@1.9.5 resolved
INFO [org.netbeans.core.netigso.Netigso]: bundle org.mockito.mockito-all@1.9.5 started
INFO [org.netbeans.core.netigso.Netigso]: bundle org.eclipse.osgi@3.9.1.v20140110-1610 started
